[2023-01-29T07:38:39.323+0000] {taskinstance.py:1083} INFO - Dependencies all met for <TaskInstance: my_third_dagV1.select_data scheduled__2023-01-22T00:00:00+00:00 [queued]>
[2023-01-29T07:38:39.336+0000] {taskinstance.py:1083} INFO - Dependencies all met for <TaskInstance: my_third_dagV1.select_data scheduled__2023-01-22T00:00:00+00:00 [queued]>
[2023-01-29T07:38:39.336+0000] {taskinstance.py:1279} INFO - 
--------------------------------------------------------------------------------
[2023-01-29T07:38:39.337+0000] {taskinstance.py:1280} INFO - Starting attempt 1 of 1
[2023-01-29T07:38:39.337+0000] {taskinstance.py:1281} INFO - 
--------------------------------------------------------------------------------
[2023-01-29T07:38:39.409+0000] {taskinstance.py:1300} INFO - Executing <Task(PostgresOperator): select_data> on 2023-01-22 00:00:00+00:00
[2023-01-29T07:38:39.416+0000] {standard_task_runner.py:55} INFO - Started process 48101 to run task
[2023-01-29T07:38:39.420+0000] {standard_task_runner.py:82} INFO - Running: ['***', 'tasks', 'run', 'my_third_dagV1', 'select_data', 'scheduled__2023-01-22T00:00:00+00:00', '--job-id', '63', '--raw', '--subdir', 'DAGS_FOLDER/dag3.py', '--cfg-path', '/tmp/tmpzul3np3c']
[2023-01-29T07:38:39.421+0000] {standard_task_runner.py:83} INFO - Job 63: Subtask select_data
[2023-01-29T07:38:39.600+0000] {task_command.py:388} INFO - Running <TaskInstance: my_third_dagV1.select_data scheduled__2023-01-22T00:00:00+00:00 [running]> on host 9763ece73850
[2023-01-29T07:38:39.759+0000] {taskinstance.py:1509} INFO - Exporting the following env vars:
AIRFLOW_CTX_DAG_OWNER=***
AIRFLOW_CTX_DAG_ID=my_third_dagV1
AIRFLOW_CTX_TASK_ID=select_data
AIRFLOW_CTX_EXECUTION_DATE=2023-01-22T00:00:00+00:00
AIRFLOW_CTX_TRY_NUMBER=1
AIRFLOW_CTX_DAG_RUN_ID=scheduled__2023-01-22T00:00:00+00:00
[2023-01-29T07:38:39.760+0000] {sql.py:254} INFO - Executing: 
            select * from dag_runs
        
[2023-01-29T07:38:39.775+0000] {base.py:73} INFO - Using connection ID 'postgres_localhost' for task execution.
[2023-01-29T07:38:40.039+0000] {base.py:73} INFO - Using connection ID 'postgres_localhost' for task execution.
[2023-01-29T07:38:40.046+0000] {sql.py:375} INFO - Running statement: 
            select * from dag_runs
        , parameters: None
[2023-01-29T07:38:40.047+0000] {sql.py:384} INFO - Rows affected: 11
[2023-01-29T07:38:40.056+0000] {taskinstance.py:1768} ERROR - Task failed with exception
Traceback (most recent call last):
  File "/home/airflow/.local/lib/python3.7/site-packages/airflow/utils/session.py", line 72, in wrapper
    return func(*args, **kwargs)
  File "/home/airflow/.local/lib/python3.7/site-packages/airflow/models/taskinstance.py", line 2297, in xcom_push
    session=session,
  File "/home/airflow/.local/lib/python3.7/site-packages/airflow/utils/session.py", line 72, in wrapper
    return func(*args, **kwargs)
  File "/home/airflow/.local/lib/python3.7/site-packages/airflow/models/xcom.py", line 240, in set
    map_index=map_index,
  File "/home/airflow/.local/lib/python3.7/site-packages/airflow/models/xcom.py", line 627, in serialize_value
    return json.dumps(value, cls=XComEncoder).encode("UTF-8")
  File "/usr/local/lib/python3.7/json/__init__.py", line 238, in dumps
    **kw).encode(obj)
  File "/home/airflow/.local/lib/python3.7/site-packages/airflow/utils/json.py", line 176, in encode
    return super().encode(o)
  File "/usr/local/lib/python3.7/json/encoder.py", line 199, in encode
    chunks = self.iterencode(o, _one_shot=True)
  File "/usr/local/lib/python3.7/json/encoder.py", line 257, in iterencode
    return _iterencode(o, 0)
  File "/home/airflow/.local/lib/python3.7/site-packages/airflow/utils/json.py", line 153, in default
    CLASSNAME: o.__module__ + "." + o.__class__.__qualname__,
AttributeError: 'datetime.date' object has no attribute '__module__'
[2023-01-29T07:38:40.066+0000] {taskinstance.py:1323} INFO - Marking task as FAILED. dag_id=my_third_dagV1, task_id=select_data, execution_date=20230122T000000, start_date=20230129T073839, end_date=20230129T073840
[2023-01-29T07:38:40.130+0000] {standard_task_runner.py:105} ERROR - Failed to execute job 63 for task select_data ('datetime.date' object has no attribute '__module__'; 48101)
[2023-01-29T07:38:40.170+0000] {local_task_job.py:208} INFO - Task exited with return code 1
[2023-01-29T07:38:40.189+0000] {taskinstance.py:2578} INFO - 0 downstream tasks scheduled from follow-on schedule check
