[2023-05-15T10:36:20.392+0000] {taskinstance.py:1083} INFO - Dependencies all met for <TaskInstance: my_third_dagV1.fo manual__2023-05-15T10:36:19.278123+00:00 [queued]>
[2023-05-15T10:36:20.404+0000] {taskinstance.py:1083} INFO - Dependencies all met for <TaskInstance: my_third_dagV1.fo manual__2023-05-15T10:36:19.278123+00:00 [queued]>
[2023-05-15T10:36:20.405+0000] {taskinstance.py:1279} INFO - 
--------------------------------------------------------------------------------
[2023-05-15T10:36:20.405+0000] {taskinstance.py:1280} INFO - Starting attempt 1 of 1
[2023-05-15T10:36:20.405+0000] {taskinstance.py:1281} INFO - 
--------------------------------------------------------------------------------
[2023-05-15T10:36:20.418+0000] {taskinstance.py:1300} INFO - Executing <Task(PythonOperator): fo> on 2023-05-15 10:36:19.278123+00:00
[2023-05-15T10:36:20.424+0000] {standard_task_runner.py:55} INFO - Started process 3323 to run task
[2023-05-15T10:36:20.427+0000] {standard_task_runner.py:82} INFO - Running: ['***', 'tasks', 'run', 'my_third_dagV1', 'fo', 'manual__2023-05-15T10:36:19.278123+00:00', '--job-id', '132', '--raw', '--subdir', 'DAGS_FOLDER/dag3.py', '--cfg-path', '/tmp/tmp78uyt8ql']
[2023-05-15T10:36:20.428+0000] {standard_task_runner.py:83} INFO - Job 132: Subtask fo
[2023-05-15T10:36:20.495+0000] {task_command.py:388} INFO - Running <TaskInstance: my_third_dagV1.fo manual__2023-05-15T10:36:19.278123+00:00 [running]> on host 725972ab8e3a
[2023-05-15T10:36:20.565+0000] {taskinstance.py:1509} INFO - Exporting the following env vars:
AIRFLOW_CTX_DAG_OWNER=***
AIRFLOW_CTX_DAG_ID=my_third_dagV1
AIRFLOW_CTX_TASK_ID=fo
AIRFLOW_CTX_EXECUTION_DATE=2023-05-15T10:36:19.278123+00:00
AIRFLOW_CTX_TRY_NUMBER=1
AIRFLOW_CTX_DAG_RUN_ID=manual__2023-05-15T10:36:19.278123+00:00
[2023-05-15T10:36:58.975+0000] {taskinstance.py:1768} ERROR - Task failed with exception
Traceback (most recent call last):
  File "/home/airflow/.local/lib/python3.7/site-packages/airflow/operators/python.py", line 175, in execute
    return_value = self.execute_callable()
  File "/home/airflow/.local/lib/python3.7/site-packages/airflow/operators/python.py", line 192, in execute_callable
    return self.python_callable(*self.op_args, **self.op_kwargs)
  File "/opt/airflow/dags/dag3.py", line 71, in foo1
    date_finish =   datetime.datetime.today() -  timedelta(weeks=week_difference)
AttributeError: type object 'datetime.datetime' has no attribute 'datetime'
[2023-05-15T10:36:58.983+0000] {taskinstance.py:1323} INFO - Marking task as FAILED. dag_id=my_third_dagV1, task_id=fo, execution_date=20230515T103619, start_date=20230515T103620, end_date=20230515T103658
[2023-05-15T10:36:58.996+0000] {standard_task_runner.py:105} ERROR - Failed to execute job 132 for task fo (type object 'datetime.datetime' has no attribute 'datetime'; 3323)
[2023-05-15T10:36:59.039+0000] {local_task_job.py:208} INFO - Task exited with return code 1
[2023-05-15T10:36:59.065+0000] {taskinstance.py:2578} INFO - 0 downstream tasks scheduled from follow-on schedule check
